[2.343s] Invoking command in '/home/guts/voicepipeline_ros2/build/voicepipeline': PYTHONPATH=/home/guts/voicepipeline_ros2/build/voicepipeline/prefix_override:/usr/lib/python3/dist-packages/colcon_core/task/python/colcon_distutils_commands:/home/guts/voicepipeline_ros2/install/voicepipeline/lib/python3.10/site-packages:${PYTHONPATH} /usr/bin/python3 -W ignore:setup.py install is deprecated setup.py develop --editable --build-directory /home/guts/voicepipeline_ros2/build/voicepipeline/build --no-deps symlink_data --force
[3.151s] running develop
[3.152s] /home/guts/.local/lib/python3.10/site-packages/setuptools/command/develop.py:39: EasyInstallDeprecationWarning: easy_install command is deprecated.
[3.153s] !!
[3.154s] 
[3.154s]         ********************************************************************************
[3.155s]         Please avoid running ``setup.py`` and ``easy_install``.
[3.155s]         Instead, use pypa/build, pypa/installer or other
[3.156s]         standards-based tools.
[3.156s] 
[3.157s]         See https://github.com/pypa/setuptools/issues/917 for details.
[3.157s]         ********************************************************************************
[3.158s] 
[3.158s] !!
[3.159s]   easy_install.initialize_options(self)
[3.810s] running egg_info
[3.845s] writing voicepipeline.egg-info/PKG-INFO
[3.847s] writing dependency_links to voicepipeline.egg-info/dependency_links.txt
[3.848s] writing entry points to voicepipeline.egg-info/entry_points.txt
[3.850s] writing requirements to voicepipeline.egg-info/requires.txt
[3.851s] writing top-level names to voicepipeline.egg-info/top_level.txt
[3.944s] reading manifest file 'voicepipeline.egg-info/SOURCES.txt'
[3.945s] writing manifest file 'voicepipeline.egg-info/SOURCES.txt'
[4.046s] running build_ext
[4.046s] Creating /home/guts/voicepipeline_ros2/install/voicepipeline/lib/python3.10/site-packages/voicepipeline.egg-link (link to .)
[4.052s] Installing commander script to /home/guts/voicepipeline_ros2/install/voicepipeline/lib/voicepipeline
[4.053s] Installing commander_gpt script to /home/guts/voicepipeline_ros2/install/voicepipeline/lib/voicepipeline
[4.054s] Installing moveit_motion script to /home/guts/voicepipeline_ros2/install/voicepipeline/lib/voicepipeline
[4.054s] Installing spot_commander script to /home/guts/voicepipeline_ros2/install/voicepipeline/lib/voicepipeline
[4.055s] Installing transcriber script to /home/guts/voicepipeline_ros2/install/voicepipeline/lib/voicepipeline
[4.056s] 
[4.057s] Installed /home/guts/voicepipeline_ros2/build/voicepipeline
[4.058s] running symlink_data
[4.059s] symbolically linking /home/guts/voicepipeline_ros2/build/voicepipeline/package.xml -> /home/guts/voicepipeline_ros2/install/voicepipeline/share/voicepipeline
[4.059s] symbolically linking /home/guts/voicepipeline_ros2/build/voicepipeline/launch/voicepipeline.launch.py -> /home/guts/voicepipeline_ros2/install/voicepipeline/share/voicepipeline/launch
[4.101s] Invoked command in '/home/guts/voicepipeline_ros2/build/voicepipeline' returned '0': PYTHONPATH=/home/guts/voicepipeline_ros2/build/voicepipeline/prefix_override:/usr/lib/python3/dist-packages/colcon_core/task/python/colcon_distutils_commands:/home/guts/voicepipeline_ros2/install/voicepipeline/lib/python3.10/site-packages:${PYTHONPATH} /usr/bin/python3 -W ignore:setup.py install is deprecated setup.py develop --editable --build-directory /home/guts/voicepipeline_ros2/build/voicepipeline/build --no-deps symlink_data --force
