[1.372s] Invoking command in '/home/guts/voicepipeline_ros2/build/voicepipeline': PYTHONPATH=/home/guts/voicepipeline_ros2/build/voicepipeline/prefix_override:/usr/lib/python3/dist-packages/colcon_core/task/python/colcon_distutils_commands:/home/guts/voicepipeline_ros2/install/voicepipeline/lib/python3.10/site-packages:${PYTHONPATH} /usr/bin/python3 -W ignore:setup.py install is deprecated setup.py develop --editable --build-directory /home/guts/voicepipeline_ros2/build/voicepipeline/build --no-deps symlink_data
[1.570s] /home/guts/.local/lib/python3.10/site-packages/setuptools/_distutils/dist.py:261: UserWarning: Unknown distribution option: 'tests_require'
[1.570s]   warnings.warn(msg)
[1.855s] running develop
[1.856s] /home/guts/.local/lib/python3.10/site-packages/setuptools/command/develop.py:41: EasyInstallDeprecationWarning: easy_install command is deprecated.
[1.856s] !!
[1.856s] 
[1.856s]         ********************************************************************************
[1.856s]         Please avoid running ``setup.py`` and ``easy_install``.
[1.856s]         Instead, use pypa/build, pypa/installer or other
[1.856s]         standards-based tools.
[1.857s] 
[1.857s]         See https://github.com/pypa/setuptools/issues/917 for details.
[1.857s]         ********************************************************************************
[1.857s] 
[1.857s] !!
[1.857s]   easy_install.initialize_options(self)
[2.261s] running egg_info
[2.290s] writing voicepipeline.egg-info/PKG-INFO
[2.290s] writing dependency_links to voicepipeline.egg-info/dependency_links.txt
[2.290s] writing entry points to voicepipeline.egg-info/entry_points.txt
[2.291s] writing requirements to voicepipeline.egg-info/requires.txt
[2.291s] writing top-level names to voicepipeline.egg-info/top_level.txt
[2.350s] reading manifest file 'voicepipeline.egg-info/SOURCES.txt'
[2.351s] writing manifest file 'voicepipeline.egg-info/SOURCES.txt'
[2.427s] running build_ext
[2.427s] Creating /home/guts/voicepipeline_ros2/install/voicepipeline/lib/python3.10/site-packages/voicepipeline.egg-link (link to .)
[2.427s] Installing commander script to /home/guts/voicepipeline_ros2/install/voicepipeline/lib/voicepipeline
[2.428s] Installing commander_gpt script to /home/guts/voicepipeline_ros2/install/voicepipeline/lib/voicepipeline
[2.428s] Installing moveit_motion script to /home/guts/voicepipeline_ros2/install/voicepipeline/lib/voicepipeline
[2.428s] Installing spot_commander script to /home/guts/voicepipeline_ros2/install/voicepipeline/lib/voicepipeline
[2.428s] Installing transcriber script to /home/guts/voicepipeline_ros2/install/voicepipeline/lib/voicepipeline
[2.428s] 
[2.428s] Installed /home/guts/voicepipeline_ros2/build/voicepipeline
[2.428s] running symlink_data
[2.465s] Invoked command in '/home/guts/voicepipeline_ros2/build/voicepipeline' returned '0': PYTHONPATH=/home/guts/voicepipeline_ros2/build/voicepipeline/prefix_override:/usr/lib/python3/dist-packages/colcon_core/task/python/colcon_distutils_commands:/home/guts/voicepipeline_ros2/install/voicepipeline/lib/python3.10/site-packages:${PYTHONPATH} /usr/bin/python3 -W ignore:setup.py install is deprecated setup.py develop --editable --build-directory /home/guts/voicepipeline_ros2/build/voicepipeline/build --no-deps symlink_data
