[1.221s] Invoking command in '/home/guts/voicepipeline_ros2/build/voicepipeline': PYTHONPATH=/home/guts/voicepipeline_ros2/build/voicepipeline/prefix_override:/usr/lib/python3/dist-packages/colcon_core/task/python/colcon_distutils_commands:/home/guts/voicepipeline_ros2/install/voicepipeline/lib/python3.10/site-packages:${PYTHONPATH} /usr/bin/python3 -W ignore:setup.py install is deprecated setup.py develop --editable --build-directory /home/guts/voicepipeline_ros2/build/voicepipeline/build --no-deps symlink_data
[1.698s] running develop
[1.700s] /home/guts/.local/lib/python3.10/site-packages/setuptools/command/develop.py:39: EasyInstallDeprecationWarning: easy_install command is deprecated.
[1.700s] !!
[1.700s] 
[1.700s]         ********************************************************************************
[1.700s]         Please avoid running ``setup.py`` and ``easy_install``.
[1.700s]         Instead, use pypa/build, pypa/installer or other
[1.700s]         standards-based tools.
[1.700s] 
[1.700s]         See https://github.com/pypa/setuptools/issues/917 for details.
[1.700s]         ********************************************************************************
[1.700s] 
[1.701s] !!
[1.701s]   easy_install.initialize_options(self)
[2.104s] running egg_info
[2.133s] writing voicepipeline.egg-info/PKG-INFO
[2.133s] writing dependency_links to voicepipeline.egg-info/dependency_links.txt
[2.133s] writing entry points to voicepipeline.egg-info/entry_points.txt
[2.134s] writing requirements to voicepipeline.egg-info/requires.txt
[2.134s] writing top-level names to voicepipeline.egg-info/top_level.txt
[2.191s] reading manifest file 'voicepipeline.egg-info/SOURCES.txt'
[2.191s] writing manifest file 'voicepipeline.egg-info/SOURCES.txt'
[2.263s] running build_ext
[2.264s] Creating /home/guts/voicepipeline_ros2/install/voicepipeline/lib/python3.10/site-packages/voicepipeline.egg-link (link to .)
[2.264s] Installing commander script to /home/guts/voicepipeline_ros2/install/voicepipeline/lib/voicepipeline
[2.264s] Installing commander_gpt script to /home/guts/voicepipeline_ros2/install/voicepipeline/lib/voicepipeline
[2.265s] Installing moveit_motion script to /home/guts/voicepipeline_ros2/install/voicepipeline/lib/voicepipeline
[2.265s] Installing spot_commander script to /home/guts/voicepipeline_ros2/install/voicepipeline/lib/voicepipeline
[2.265s] Installing transcriber script to /home/guts/voicepipeline_ros2/install/voicepipeline/lib/voicepipeline
[2.265s] 
[2.265s] Installed /home/guts/voicepipeline_ros2/build/voicepipeline
[2.265s] running symlink_data
[2.300s] Invoked command in '/home/guts/voicepipeline_ros2/build/voicepipeline' returned '0': PYTHONPATH=/home/guts/voicepipeline_ros2/build/voicepipeline/prefix_override:/usr/lib/python3/dist-packages/colcon_core/task/python/colcon_distutils_commands:/home/guts/voicepipeline_ros2/install/voicepipeline/lib/python3.10/site-packages:${PYTHONPATH} /usr/bin/python3 -W ignore:setup.py install is deprecated setup.py develop --editable --build-directory /home/guts/voicepipeline_ros2/build/voicepipeline/build --no-deps symlink_data
