running develop
/home/guts/.local/lib/python3.10/site-packages/setuptools/command/develop.py:39: EasyInstallDeprecationWarning: easy_install command is deprecated.
!!

        ********************************************************************************
        Please avoid running ``setup.py`` and ``easy_install``.
        Instead, use pypa/build, pypa/installer or other
        standards-based tools.

        See https://github.com/pypa/setuptools/issues/917 for details.
        ********************************************************************************

!!
  easy_install.initialize_options(self)
running egg_info
writing voicepipeline.egg-info/PKG-INFO
writing dependency_links to voicepipeline.egg-info/dependency_links.txt
writing entry points to voicepipeline.egg-info/entry_points.txt
writing requirements to voicepipeline.egg-info/requires.txt
writing top-level names to voicepipeline.egg-info/top_level.txt
reading manifest file 'voicepipeline.egg-info/SOURCES.txt'
writing manifest file 'voicepipeline.egg-info/SOURCES.txt'
running build_ext
Creating /home/guts/voicepipeline_ros2/install/voicepipeline/lib/python3.10/site-packages/voicepipeline.egg-link (link to .)
Installing commander script to /home/guts/voicepipeline_ros2/install/voicepipeline/lib/voicepipeline
Installing commander_gpt script to /home/guts/voicepipeline_ros2/install/voicepipeline/lib/voicepipeline
Installing moveit_motion script to /home/guts/voicepipeline_ros2/install/voicepipeline/lib/voicepipeline
Installing spot_commander script to /home/guts/voicepipeline_ros2/install/voicepipeline/lib/voicepipeline
Installing transcriber script to /home/guts/voicepipeline_ros2/install/voicepipeline/lib/voicepipeline

Installed /home/guts/voicepipeline_ros2/build/voicepipeline
running symlink_data
symbolically linking /home/guts/voicepipeline_ros2/build/voicepipeline/package.xml -> /home/guts/voicepipeline_ros2/install/voicepipeline/share/voicepipeline
symbolically linking /home/guts/voicepipeline_ros2/build/voicepipeline/launch/voicepipeline.launch.py -> /home/guts/voicepipeline_ros2/install/voicepipeline/share/voicepipeline/launch
