[1.186s] Invoking command in '/home/guts/voicepipeline_ros2/build/voicepipeline': PYTHONPATH=/home/guts/voicepipeline_ros2/build/voicepipeline/prefix_override:/usr/lib/python3/dist-packages/colcon_core/task/python/colcon_distutils_commands:/home/guts/voicepipeline_ros2/install/voicepipeline/lib/python3.10/site-packages:${PYTHONPATH} /usr/bin/python3 -W ignore:setup.py install is deprecated setup.py develop --editable --build-directory /home/guts/voicepipeline_ros2/build/voicepipeline/build --no-deps symlink_data --force
[1.658s] running develop
[1.659s] /home/guts/.local/lib/python3.10/site-packages/setuptools/command/develop.py:39: EasyInstallDeprecationWarning: easy_install command is deprecated.
[1.659s] !!
[1.659s] 
[1.659s]         ********************************************************************************
[1.659s]         Please avoid running ``setup.py`` and ``easy_install``.
[1.659s]         Instead, use pypa/build, pypa/installer or other
[1.659s]         standards-based tools.
[1.660s] 
[1.660s]         See https://github.com/pypa/setuptools/issues/917 for details.
[1.660s]         ********************************************************************************
[1.660s] 
[1.660s] !!
[1.660s]   easy_install.initialize_options(self)
[2.049s] running egg_info
[2.076s] writing voicepipeline.egg-info/PKG-INFO
[2.077s] writing dependency_links to voicepipeline.egg-info/dependency_links.txt
[2.077s] writing entry points to voicepipeline.egg-info/entry_points.txt
[2.077s] writing requirements to voicepipeline.egg-info/requires.txt
[2.077s] writing top-level names to voicepipeline.egg-info/top_level.txt
[2.133s] reading manifest file 'voicepipeline.egg-info/SOURCES.txt'
[2.134s] writing manifest file 'voicepipeline.egg-info/SOURCES.txt'
[2.206s] running build_ext
[2.206s] Creating /home/guts/voicepipeline_ros2/install/voicepipeline/lib/python3.10/site-packages/voicepipeline.egg-link (link to .)
[2.207s] Installing commander script to /home/guts/voicepipeline_ros2/install/voicepipeline/lib/voicepipeline
[2.207s] Installing commander_gpt script to /home/guts/voicepipeline_ros2/install/voicepipeline/lib/voicepipeline
[2.207s] Installing moveit_motion script to /home/guts/voicepipeline_ros2/install/voicepipeline/lib/voicepipeline
[2.207s] Installing spot_commander script to /home/guts/voicepipeline_ros2/install/voicepipeline/lib/voicepipeline
[2.207s] Installing transcriber script to /home/guts/voicepipeline_ros2/install/voicepipeline/lib/voicepipeline
[2.207s] 
[2.208s] Installed /home/guts/voicepipeline_ros2/build/voicepipeline
[2.208s] running symlink_data
[2.208s] symbolically linking /home/guts/voicepipeline_ros2/build/voicepipeline/package.xml -> /home/guts/voicepipeline_ros2/install/voicepipeline/share/voicepipeline
[2.208s] symbolically linking /home/guts/voicepipeline_ros2/build/voicepipeline/launch/voicepipeline.launch.py -> /home/guts/voicepipeline_ros2/install/voicepipeline/share/voicepipeline/launch
[2.243s] Invoked command in '/home/guts/voicepipeline_ros2/build/voicepipeline' returned '0': PYTHONPATH=/home/guts/voicepipeline_ros2/build/voicepipeline/prefix_override:/usr/lib/python3/dist-packages/colcon_core/task/python/colcon_distutils_commands:/home/guts/voicepipeline_ros2/install/voicepipeline/lib/python3.10/site-packages:${PYTHONPATH} /usr/bin/python3 -W ignore:setup.py install is deprecated setup.py develop --editable --build-directory /home/guts/voicepipeline_ros2/build/voicepipeline/build --no-deps symlink_data --force
