running develop
/home/guts/.local/lib/python3.10/site-packages/setuptools/command/develop.py:39: EasyInstallDeprecationWarning: easy_install command is deprecated.
!!

        ********************************************************************************
        Please avoid running ``setup.py`` and ``easy_install``.
        Instead, use pypa/build, pypa/installer or other
        standards-based tools.

        See https://github.com/pypa/setuptools/issues/917 for details.
        ********************************************************************************

!!
  easy_install.initialize_options(self)
Removing /home/guts/voicepipeline_ros2/install/voicepipeline/lib/python3.10/site-packages/voicepipeline.egg-link (link to .)
running egg_info
writing ../../build/voicepipeline/voicepipeline.egg-info/PKG-INFO
writing dependency_links to ../../build/voicepipeline/voicepipeline.egg-info/dependency_links.txt
writing entry points to ../../build/voicepipeline/voicepipeline.egg-info/entry_points.txt
writing requirements to ../../build/voicepipeline/voicepipeline.egg-info/requires.txt
writing top-level names to ../../build/voicepipeline/voicepipeline.egg-info/top_level.txt
reading manifest file '../../build/voicepipeline/voicepipeline.egg-info/SOURCES.txt'
adding license file 'LICENSE'
writing manifest file '../../build/voicepipeline/voicepipeline.egg-info/SOURCES.txt'
running build
running build_py
creating /home/guts/voicepipeline_ros2/build/voicepipeline/build
creating /home/guts/voicepipeline_ros2/build/voicepipeline/build/lib
creating /home/guts/voicepipeline_ros2/build/voicepipeline/build/lib/voicepipeline
copying voicepipeline/commander.py -> /home/guts/voicepipeline_ros2/build/voicepipeline/build/lib/voicepipeline
copying voicepipeline/__init__.py -> /home/guts/voicepipeline_ros2/build/voicepipeline/build/lib/voicepipeline
copying voicepipeline/moveit_motion.py -> /home/guts/voicepipeline_ros2/build/voicepipeline/build/lib/voicepipeline
copying voicepipeline/transcriber.py -> /home/guts/voicepipeline_ros2/build/voicepipeline/build/lib/voicepipeline
running install
running install_lib
creating /home/guts/voicepipeline_ros2/install/voicepipeline/lib/python3.10/site-packages/voicepipeline
copying /home/guts/voicepipeline_ros2/build/voicepipeline/build/lib/voicepipeline/commander.py -> /home/guts/voicepipeline_ros2/install/voicepipeline/lib/python3.10/site-packages/voicepipeline
copying /home/guts/voicepipeline_ros2/build/voicepipeline/build/lib/voicepipeline/__init__.py -> /home/guts/voicepipeline_ros2/install/voicepipeline/lib/python3.10/site-packages/voicepipeline
copying /home/guts/voicepipeline_ros2/build/voicepipeline/build/lib/voicepipeline/moveit_motion.py -> /home/guts/voicepipeline_ros2/install/voicepipeline/lib/python3.10/site-packages/voicepipeline
copying /home/guts/voicepipeline_ros2/build/voicepipeline/build/lib/voicepipeline/transcriber.py -> /home/guts/voicepipeline_ros2/install/voicepipeline/lib/python3.10/site-packages/voicepipeline
byte-compiling /home/guts/voicepipeline_ros2/install/voicepipeline/lib/python3.10/site-packages/voicepipeline/commander.py to commander.cpython-310.pyc
byte-compiling /home/guts/voicepipeline_ros2/install/voicepipeline/lib/python3.10/site-packages/voicepipeline/__init__.py to __init__.cpython-310.pyc
byte-compiling /home/guts/voicepipeline_ros2/install/voicepipeline/lib/python3.10/site-packages/voicepipeline/moveit_motion.py to moveit_motion.cpython-310.pyc
byte-compiling /home/guts/voicepipeline_ros2/install/voicepipeline/lib/python3.10/site-packages/voicepipeline/transcriber.py to transcriber.cpython-310.pyc
running install_data
copying package.xml -> /home/guts/voicepipeline_ros2/install/voicepipeline/share/voicepipeline
copying launch/voicepipeline.launch.py -> /home/guts/voicepipeline_ros2/install/voicepipeline/share/voicepipeline/launch
running install_egg_info
Copying ../../build/voicepipeline/voicepipeline.egg-info to /home/guts/voicepipeline_ros2/install/voicepipeline/lib/python3.10/site-packages/voicepipeline-0.0.0-py3.10.egg-info
running install_scripts
Installing commander script to /home/guts/voicepipeline_ros2/install/voicepipeline/lib/voicepipeline
Installing commander_gpt script to /home/guts/voicepipeline_ros2/install/voicepipeline/lib/voicepipeline
Installing moveit_motion script to /home/guts/voicepipeline_ros2/install/voicepipeline/lib/voicepipeline
Installing spot_commander script to /home/guts/voicepipeline_ros2/install/voicepipeline/lib/voicepipeline
Installing transcriber script to /home/guts/voicepipeline_ros2/install/voicepipeline/lib/voicepipeline
writing list of installed files to '/home/guts/voicepipeline_ros2/build/voicepipeline/install.log'
