[2.191s] Invoking command in '/home/guts/voicepipeline_ros2/build/voicepipeline': PYTHONPATH=/home/guts/voicepipeline_ros2/build/voicepipeline/prefix_override:/usr/lib/python3/dist-packages/colcon_core/task/python/colcon_distutils_commands:/home/guts/voicepipeline_ros2/install/voicepipeline/lib/python3.10/site-packages:${PYTHONPATH} /usr/bin/python3 -W ignore:setup.py install is deprecated setup.py develop --uninstall --editable --build-directory /home/guts/voicepipeline_ros2/build/voicepipeline/build
[2.998s] running develop
[2.999s] /home/guts/.local/lib/python3.10/site-packages/setuptools/command/develop.py:39: EasyInstallDeprecationWarning: easy_install command is deprecated.
[3.000s] !!
[3.000s] 
[3.000s]         ********************************************************************************
[3.000s]         Please avoid running ``setup.py`` and ``easy_install``.
[3.000s]         Instead, use pypa/build, pypa/installer or other
[3.000s]         standards-based tools.
[3.000s] 
[3.000s]         See https://github.com/pypa/setuptools/issues/917 for details.
[3.000s]         ********************************************************************************
[3.000s] 
[3.001s] !!
[3.001s]   easy_install.initialize_options(self)
[3.717s] Removing /home/guts/voicepipeline_ros2/install/voicepipeline/lib/python3.10/site-packages/voicepipeline.egg-link (link to .)
[3.766s] Invoked command in '/home/guts/voicepipeline_ros2/build/voicepipeline' returned '0': PYTHONPATH=/home/guts/voicepipeline_ros2/build/voicepipeline/prefix_override:/usr/lib/python3/dist-packages/colcon_core/task/python/colcon_distutils_commands:/home/guts/voicepipeline_ros2/install/voicepipeline/lib/python3.10/site-packages:${PYTHONPATH} /usr/bin/python3 -W ignore:setup.py install is deprecated setup.py develop --uninstall --editable --build-directory /home/guts/voicepipeline_ros2/build/voicepipeline/build
[3.769s] Invoking command in '/home/guts/voicepipeline_ros2/src/voicepipeline': PYTHONPATH=/home/guts/voicepipeline_ros2/build/voicepipeline/prefix_override:/usr/lib/python3/dist-packages/colcon_core/task/python/colcon_distutils_commands:/home/guts/voicepipeline_ros2/install/voicepipeline/lib/python3.10/site-packages:${PYTHONPATH} /usr/bin/python3 -W ignore:setup.py install is deprecated setup.py egg_info --egg-base ../../build/voicepipeline build --build-base /home/guts/voicepipeline_ros2/build/voicepipeline/build install --record /home/guts/voicepipeline_ros2/build/voicepipeline/install.log --single-version-externally-managed install_data --force
[4.404s] running egg_info
[4.454s] writing ../../build/voicepipeline/voicepipeline.egg-info/PKG-INFO
[4.454s] writing dependency_links to ../../build/voicepipeline/voicepipeline.egg-info/dependency_links.txt
[4.455s] writing entry points to ../../build/voicepipeline/voicepipeline.egg-info/entry_points.txt
[4.455s] writing requirements to ../../build/voicepipeline/voicepipeline.egg-info/requires.txt
[4.455s] writing top-level names to ../../build/voicepipeline/voicepipeline.egg-info/top_level.txt
[4.556s] reading manifest file '../../build/voicepipeline/voicepipeline.egg-info/SOURCES.txt'
[4.557s] adding license file 'LICENSE'
[4.558s] writing manifest file '../../build/voicepipeline/voicepipeline.egg-info/SOURCES.txt'
[4.558s] running build
[4.558s] running build_py
[4.558s] creating /home/guts/voicepipeline_ros2/build/voicepipeline/build
[4.558s] creating /home/guts/voicepipeline_ros2/build/voicepipeline/build/lib
[4.558s] creating /home/guts/voicepipeline_ros2/build/voicepipeline/build/lib/voicepipeline
[4.559s] copying voicepipeline/commander.py -> /home/guts/voicepipeline_ros2/build/voicepipeline/build/lib/voicepipeline
[4.559s] copying voicepipeline/__init__.py -> /home/guts/voicepipeline_ros2/build/voicepipeline/build/lib/voicepipeline
[4.559s] copying voicepipeline/moveit_motion.py -> /home/guts/voicepipeline_ros2/build/voicepipeline/build/lib/voicepipeline
[4.559s] copying voicepipeline/transcriber.py -> /home/guts/voicepipeline_ros2/build/voicepipeline/build/lib/voicepipeline
[4.559s] running install
[4.568s] running install_lib
[4.619s] creating /home/guts/voicepipeline_ros2/install/voicepipeline/lib/python3.10/site-packages/voicepipeline
[4.620s] copying /home/guts/voicepipeline_ros2/build/voicepipeline/build/lib/voicepipeline/commander.py -> /home/guts/voicepipeline_ros2/install/voicepipeline/lib/python3.10/site-packages/voicepipeline
[4.620s] copying /home/guts/voicepipeline_ros2/build/voicepipeline/build/lib/voicepipeline/__init__.py -> /home/guts/voicepipeline_ros2/install/voicepipeline/lib/python3.10/site-packages/voicepipeline
[4.620s] copying /home/guts/voicepipeline_ros2/build/voicepipeline/build/lib/voicepipeline/moveit_motion.py -> /home/guts/voicepipeline_ros2/install/voicepipeline/lib/python3.10/site-packages/voicepipeline
[4.620s] copying /home/guts/voicepipeline_ros2/build/voicepipeline/build/lib/voicepipeline/transcriber.py -> /home/guts/voicepipeline_ros2/install/voicepipeline/lib/python3.10/site-packages/voicepipeline
[4.621s] byte-compiling /home/guts/voicepipeline_ros2/install/voicepipeline/lib/python3.10/site-packages/voicepipeline/commander.py to commander.cpython-310.pyc
[4.624s] byte-compiling /home/guts/voicepipeline_ros2/install/voicepipeline/lib/python3.10/site-packages/voicepipeline/__init__.py to __init__.cpython-310.pyc
[4.624s] byte-compiling /home/guts/voicepipeline_ros2/install/voicepipeline/lib/python3.10/site-packages/voicepipeline/moveit_motion.py to moveit_motion.cpython-310.pyc
[4.626s] byte-compiling /home/guts/voicepipeline_ros2/install/voicepipeline/lib/python3.10/site-packages/voicepipeline/transcriber.py to transcriber.cpython-310.pyc
[4.627s] running install_data
[4.627s] copying package.xml -> /home/guts/voicepipeline_ros2/install/voicepipeline/share/voicepipeline
[4.627s] copying launch/voicepipeline.launch.py -> /home/guts/voicepipeline_ros2/install/voicepipeline/share/voicepipeline/launch
[4.628s] running install_egg_info
[4.682s] Copying ../../build/voicepipeline/voicepipeline.egg-info to /home/guts/voicepipeline_ros2/install/voicepipeline/lib/python3.10/site-packages/voicepipeline-0.0.0-py3.10.egg-info
[4.684s] running install_scripts
[5.112s] Installing commander script to /home/guts/voicepipeline_ros2/install/voicepipeline/lib/voicepipeline
[5.112s] Installing commander_gpt script to /home/guts/voicepipeline_ros2/install/voicepipeline/lib/voicepipeline
[5.112s] Installing moveit_motion script to /home/guts/voicepipeline_ros2/install/voicepipeline/lib/voicepipeline
[5.113s] Installing spot_commander script to /home/guts/voicepipeline_ros2/install/voicepipeline/lib/voicepipeline
[5.113s] Installing transcriber script to /home/guts/voicepipeline_ros2/install/voicepipeline/lib/voicepipeline
[5.113s] writing list of installed files to '/home/guts/voicepipeline_ros2/build/voicepipeline/install.log'
[5.151s] Invoked command in '/home/guts/voicepipeline_ros2/src/voicepipeline' returned '0': PYTHONPATH=/home/guts/voicepipeline_ros2/build/voicepipeline/prefix_override:/usr/lib/python3/dist-packages/colcon_core/task/python/colcon_distutils_commands:/home/guts/voicepipeline_ros2/install/voicepipeline/lib/python3.10/site-packages:${PYTHONPATH} /usr/bin/python3 -W ignore:setup.py install is deprecated setup.py egg_info --egg-base ../../build/voicepipeline build --build-base /home/guts/voicepipeline_ros2/build/voicepipeline/build install --record /home/guts/voicepipeline_ros2/build/voicepipeline/install.log --single-version-externally-managed install_data --force
