[1.926s] Invoking command in '/home/guts/voicepipeline_ros2/build/voicepipeline': PYTHONPATH=/home/guts/voicepipeline_ros2/build/voicepipeline/prefix_override:/usr/lib/python3/dist-packages/colcon_core/task/python/colcon_distutils_commands:/home/guts/voicepipeline_ros2/install/voicepipeline/lib/python3.10/site-packages:${PYTHONPATH} /usr/bin/python3 -W ignore:setup.py install is deprecated setup.py develop --uninstall --editable --build-directory /home/guts/voicepipeline_ros2/build/voicepipeline/build
[2.668s] running develop
[2.670s] /home/guts/.local/lib/python3.10/site-packages/setuptools/command/develop.py:39: EasyInstallDeprecationWarning: easy_install command is deprecated.
[2.670s] !!
[2.670s] 
[2.670s]         ********************************************************************************
[2.670s]         Please avoid running ``setup.py`` and ``easy_install``.
[2.670s]         Instead, use pypa/build, pypa/installer or other
[2.670s]         standards-based tools.
[2.670s] 
[2.670s]         See https://github.com/pypa/setuptools/issues/917 for details.
[2.670s]         ********************************************************************************
[2.670s] 
[2.671s] !!
[2.671s]   easy_install.initialize_options(self)
[3.252s] Removing /home/guts/voicepipeline_ros2/install/voicepipeline/lib/python3.10/site-packages/voicepipeline.egg-link (link to .)
[3.289s] Invoked command in '/home/guts/voicepipeline_ros2/build/voicepipeline' returned '0': PYTHONPATH=/home/guts/voicepipeline_ros2/build/voicepipeline/prefix_override:/usr/lib/python3/dist-packages/colcon_core/task/python/colcon_distutils_commands:/home/guts/voicepipeline_ros2/install/voicepipeline/lib/python3.10/site-packages:${PYTHONPATH} /usr/bin/python3 -W ignore:setup.py install is deprecated setup.py develop --uninstall --editable --build-directory /home/guts/voicepipeline_ros2/build/voicepipeline/build
[3.291s] Invoking command in '/home/guts/voicepipeline_ros2/src/voicepipeline': PYTHONPATH=/home/guts/voicepipeline_ros2/build/voicepipeline/prefix_override:/usr/lib/python3/dist-packages/colcon_core/task/python/colcon_distutils_commands:/home/guts/voicepipeline_ros2/install/voicepipeline/lib/python3.10/site-packages:${PYTHONPATH} /usr/bin/python3 -W ignore:setup.py install is deprecated setup.py egg_info --egg-base ../../build/voicepipeline build --build-base /home/guts/voicepipeline_ros2/build/voicepipeline/build install --record /home/guts/voicepipeline_ros2/build/voicepipeline/install.log --single-version-externally-managed install_data --force
[3.872s] running egg_info
[3.908s] writing ../../build/voicepipeline/voicepipeline.egg-info/PKG-INFO
[3.908s] writing dependency_links to ../../build/voicepipeline/voicepipeline.egg-info/dependency_links.txt
[3.909s] writing entry points to ../../build/voicepipeline/voicepipeline.egg-info/entry_points.txt
[3.909s] writing requirements to ../../build/voicepipeline/voicepipeline.egg-info/requires.txt
[3.909s] writing top-level names to ../../build/voicepipeline/voicepipeline.egg-info/top_level.txt
[3.981s] reading manifest file '../../build/voicepipeline/voicepipeline.egg-info/SOURCES.txt'
[3.982s] adding license file 'LICENSE'
[3.983s] writing manifest file '../../build/voicepipeline/voicepipeline.egg-info/SOURCES.txt'
[3.983s] running build
[3.983s] running build_py
[3.983s] copying voicepipeline/commander.py -> /home/guts/voicepipeline_ros2/build/voicepipeline/build/lib/voicepipeline
[3.983s] copying voicepipeline/__init__.py -> /home/guts/voicepipeline_ros2/build/voicepipeline/build/lib/voicepipeline
[3.984s] copying voicepipeline/moveit_motion.py -> /home/guts/voicepipeline_ros2/build/voicepipeline/build/lib/voicepipeline
[3.984s] copying voicepipeline/transcriber.py -> /home/guts/voicepipeline_ros2/build/voicepipeline/build/lib/voicepipeline
[3.984s] running install
[3.991s] running install_lib
[4.027s] creating /home/guts/voicepipeline_ros2/install/voicepipeline/lib/python3.10/site-packages/voicepipeline
[4.027s] copying /home/guts/voicepipeline_ros2/build/voicepipeline/build/lib/voicepipeline/commander.py -> /home/guts/voicepipeline_ros2/install/voicepipeline/lib/python3.10/site-packages/voicepipeline
[4.027s] copying /home/guts/voicepipeline_ros2/build/voicepipeline/build/lib/voicepipeline/__init__.py -> /home/guts/voicepipeline_ros2/install/voicepipeline/lib/python3.10/site-packages/voicepipeline
[4.028s] copying /home/guts/voicepipeline_ros2/build/voicepipeline/build/lib/voicepipeline/moveit_motion.py -> /home/guts/voicepipeline_ros2/install/voicepipeline/lib/python3.10/site-packages/voicepipeline
[4.028s] copying /home/guts/voicepipeline_ros2/build/voicepipeline/build/lib/voicepipeline/transcriber.py -> /home/guts/voicepipeline_ros2/install/voicepipeline/lib/python3.10/site-packages/voicepipeline
[4.028s] byte-compiling /home/guts/voicepipeline_ros2/install/voicepipeline/lib/python3.10/site-packages/voicepipeline/commander.py to commander.cpython-310.pyc
[4.030s] byte-compiling /home/guts/voicepipeline_ros2/install/voicepipeline/lib/python3.10/site-packages/voicepipeline/__init__.py to __init__.cpython-310.pyc
[4.030s] byte-compiling /home/guts/voicepipeline_ros2/install/voicepipeline/lib/python3.10/site-packages/voicepipeline/moveit_motion.py to moveit_motion.cpython-310.pyc
[4.032s] byte-compiling /home/guts/voicepipeline_ros2/install/voicepipeline/lib/python3.10/site-packages/voicepipeline/transcriber.py to transcriber.cpython-310.pyc
[4.033s] running install_data
[4.033s] copying package.xml -> /home/guts/voicepipeline_ros2/install/voicepipeline/share/voicepipeline
[4.033s] copying launch/voicepipeline.launch.py -> /home/guts/voicepipeline_ros2/install/voicepipeline/share/voicepipeline/launch
[4.033s] running install_egg_info
[4.089s] Copying ../../build/voicepipeline/voicepipeline.egg-info to /home/guts/voicepipeline_ros2/install/voicepipeline/lib/python3.10/site-packages/voicepipeline-0.0.0-py3.10.egg-info
[4.090s] running install_scripts
[4.415s] Installing commander script to /home/guts/voicepipeline_ros2/install/voicepipeline/lib/voicepipeline
[4.415s] Installing commander_gpt script to /home/guts/voicepipeline_ros2/install/voicepipeline/lib/voicepipeline
[4.415s] Installing moveit_motion script to /home/guts/voicepipeline_ros2/install/voicepipeline/lib/voicepipeline
[4.416s] Installing spot_commander script to /home/guts/voicepipeline_ros2/install/voicepipeline/lib/voicepipeline
[4.416s] Installing transcriber script to /home/guts/voicepipeline_ros2/install/voicepipeline/lib/voicepipeline
[4.416s] writing list of installed files to '/home/guts/voicepipeline_ros2/build/voicepipeline/install.log'
[4.445s] Invoked command in '/home/guts/voicepipeline_ros2/src/voicepipeline' returned '0': PYTHONPATH=/home/guts/voicepipeline_ros2/build/voicepipeline/prefix_override:/usr/lib/python3/dist-packages/colcon_core/task/python/colcon_distutils_commands:/home/guts/voicepipeline_ros2/install/voicepipeline/lib/python3.10/site-packages:${PYTHONPATH} /usr/bin/python3 -W ignore:setup.py install is deprecated setup.py egg_info --egg-base ../../build/voicepipeline build --build-base /home/guts/voicepipeline_ros2/build/voicepipeline/build install --record /home/guts/voicepipeline_ros2/build/voicepipeline/install.log --single-version-externally-managed install_data --force
