[1.673s] Invoking command in '/home/guts/voicepipeline_ros2/build/voicepipeline': PYTHONPATH=/home/guts/voicepipeline_ros2/build/voicepipeline/prefix_override:/usr/lib/python3/dist-packages/colcon_core/task/python/colcon_distutils_commands:/home/guts/voicepipeline_ros2/install/voicepipeline/lib/python3.10/site-packages:${PYTHONPATH} /usr/bin/python3 -W ignore:setup.py install is deprecated setup.py develop --editable --build-directory /home/guts/voicepipeline_ros2/build/voicepipeline/build --no-deps symlink_data
[1.866s] /home/guts/.local/lib/python3.10/site-packages/setuptools/_distutils/dist.py:261: UserWarning: Unknown distribution option: 'tests_require'
[1.866s]   warnings.warn(msg)
[2.153s] running develop
[2.154s] /home/guts/.local/lib/python3.10/site-packages/setuptools/command/develop.py:41: EasyInstallDeprecationWarning: easy_install command is deprecated.
[2.154s] !!
[2.154s] 
[2.154s]         ********************************************************************************
[2.154s]         Please avoid running ``setup.py`` and ``easy_install``.
[2.154s]         Instead, use pypa/build, pypa/installer or other
[2.155s]         standards-based tools.
[2.155s] 
[2.155s]         See https://github.com/pypa/setuptools/issues/917 for details.
[2.155s]         ********************************************************************************
[2.155s] 
[2.155s] !!
[2.155s]   easy_install.initialize_options(self)
[2.558s] running egg_info
[2.587s] writing voicepipeline.egg-info/PKG-INFO
[2.587s] writing dependency_links to voicepipeline.egg-info/dependency_links.txt
[2.587s] writing entry points to voicepipeline.egg-info/entry_points.txt
[2.588s] writing requirements to voicepipeline.egg-info/requires.txt
[2.588s] writing top-level names to voicepipeline.egg-info/top_level.txt
[2.646s] reading manifest file 'voicepipeline.egg-info/SOURCES.txt'
[2.647s] writing manifest file 'voicepipeline.egg-info/SOURCES.txt'
[2.718s] running build_ext
[2.719s] Creating /home/guts/voicepipeline_ros2/install/voicepipeline/lib/python3.10/site-packages/voicepipeline.egg-link (link to .)
[2.719s] Installing commander script to /home/guts/voicepipeline_ros2/install/voicepipeline/lib/voicepipeline
[2.719s] Installing commander_gpt script to /home/guts/voicepipeline_ros2/install/voicepipeline/lib/voicepipeline
[2.720s] Installing moveit_motion script to /home/guts/voicepipeline_ros2/install/voicepipeline/lib/voicepipeline
[2.720s] Installing spot_commander script to /home/guts/voicepipeline_ros2/install/voicepipeline/lib/voicepipeline
[2.720s] Installing transcriber script to /home/guts/voicepipeline_ros2/install/voicepipeline/lib/voicepipeline
[2.720s] 
[2.720s] Installed /home/guts/voicepipeline_ros2/build/voicepipeline
[2.720s] running symlink_data
[2.759s] Invoked command in '/home/guts/voicepipeline_ros2/build/voicepipeline' returned '0': PYTHONPATH=/home/guts/voicepipeline_ros2/build/voicepipeline/prefix_override:/usr/lib/python3/dist-packages/colcon_core/task/python/colcon_distutils_commands:/home/guts/voicepipeline_ros2/install/voicepipeline/lib/python3.10/site-packages:${PYTHONPATH} /usr/bin/python3 -W ignore:setup.py install is deprecated setup.py develop --editable --build-directory /home/guts/voicepipeline_ros2/build/voicepipeline/build --no-deps symlink_data
